<?xml version="1.0" encoding="UTF-8"?>
<!-- Generated by org.testng.reporters.JUnitReportReporter -->
<testsuite hostname="DESKTOP-PO87GJR" failures="0" tests="1" name="cucumberOptions.TestNGTestRunner" time="15.154" errors="0" timestamp="2024-10-19T19:32:29 IST" skipped="0">
  <testcase classname="cucumberOptions.TestNGTestRunner" name="runScenario" time="15.154"/>
</testsuite> <!-- cucumberOptions.TestNGTestRunner -->
